{"C:\\Users\\Luiz_\\OneDrive\\Documentos\\Projetos\\dinheirow\\desafio\\test-frontend\\desafio\\src\\util\\http.ts": {"path":"C:\\Users\\Luiz_\\OneDrive\\Documentos\\Projetos\\dinheirow\\desafio\\test-frontend\\desafio\\src\\util\\http.ts","statementMap":{"0":{"start":{"line":1,"column":0},"end":{"line":1,"column":26}},"1":{"start":{"line":2,"column":0},"end":{"line":2,"column":22}},"2":{"start":{"line":4,"column":26},"end":{"line":4,"column":75}},"3":{"start":{"line":5,"column":27},"end":{"line":5,"column":77}},"4":{"start":{"line":6,"column":11},"end":{"line":6,"column":21}},"5":{"start":{"line":7,"column":16},"end":{"line":7,"column":71}},"6":{"start":{"line":9,"column":13},"end":{"line":16,"column":3}},"7":{"start":{"line":20,"column":2},"end":{"line":26,"column":5}},"8":{"start":{"line":21,"column":4},"end":{"line":25,"column":null}},"9":{"start":{"line":21,"column":43},"end":{"line":21,"column":49}},"10":{"start":{"line":22,"column":4},"end":{"line":22,"column":null}},"11":{"start":{"line":24,"column":6},"end":{"line":24,"column":18}},"12":{"start":{"line":19,"column":0},"end":{"line":19,"column":16}},"13":{"start":{"line":30,"column":2},"end":{"line":36,"column":5}},"14":{"start":{"line":31,"column":4},"end":{"line":35,"column":null}},"15":{"start":{"line":31,"column":36},"end":{"line":31,"column":42}},"16":{"start":{"line":32,"column":4},"end":{"line":32,"column":null}},"17":{"start":{"line":34,"column":6},"end":{"line":34,"column":18}},"18":{"start":{"line":29,"column":0},"end":{"line":29,"column":16}}},"fnMap":{"0":{"name":"http_marvel_get","decl":{"start":{"line":19,"column":16},"end":{"line":19,"column":31}},"loc":{"start":{"line":19,"column":56},"end":{"line":27,"column":1}}},"1":{"name":"(anonymous_2)","decl":{"start":{"line":20,"column":21},"end":{"line":20,"column":22}},"loc":{"start":{"line":20,"column":37},"end":{"line":26,"column":3}}},"2":{"name":"(anonymous_3)","decl":{"start":{"line":21,"column":37},"end":{"line":21,"column":38}},"loc":{"start":{"line":21,"column":49},"end":{"line":23,"column":5}}},"3":{"name":"(anonymous_4)","decl":{"start":{"line":23,"column":13},"end":{"line":23,"column":16}},"loc":{"start":{"line":23,"column":16},"end":{"line":25,"column":5}}},"4":{"name":"http_marvel_url","decl":{"start":{"line":29,"column":16},"end":{"line":29,"column":31}},"loc":{"start":{"line":29,"column":43},"end":{"line":37,"column":1}}},"5":{"name":"(anonymous_6)","decl":{"start":{"line":30,"column":21},"end":{"line":30,"column":22}},"loc":{"start":{"line":30,"column":37},"end":{"line":36,"column":3}}},"6":{"name":"(anonymous_7)","decl":{"start":{"line":31,"column":30},"end":{"line":31,"column":31}},"loc":{"start":{"line":31,"column":42},"end":{"line":33,"column":5}}},"7":{"name":"(anonymous_8)","decl":{"start":{"line":33,"column":13},"end":{"line":33,"column":16}},"loc":{"start":{"line":33,"column":16},"end":{"line":35,"column":5}}}},"branchMap":{},"s":{"0":1,"1":1,"2":1,"3":1,"4":1,"5":1,"6":1,"7":2,"8":2,"9":0,"10":0,"11":0,"12":1,"13":0,"14":0,"15":0,"16":0,"17":0,"18":1},"f":{"0":2,"1":2,"2":0,"3":0,"4":0,"5":0,"6":0,"7":0},"b":{}}
}
