TN:
SF:src\util\http.ts
FN:19,http_marvel_get
FN:20,(anonymous_2)
FN:21,(anonymous_3)
FN:23,(anonymous_4)
FN:29,http_marvel_url
FN:30,(anonymous_6)
FN:31,(anonymous_7)
FN:33,(anonymous_8)
FNF:8
FNH:2
FNDA:2,http_marvel_get
FNDA:2,(anonymous_2)
FNDA:0,(anonymous_3)
FNDA:0,(anonymous_4)
FNDA:0,http_marvel_url
FNDA:0,(anonymous_6)
FNDA:0,(anonymous_7)
FNDA:0,(anonymous_8)
DA:1,1
DA:2,1
DA:4,1
DA:5,1
DA:6,1
DA:7,1
DA:9,1
DA:19,1
DA:20,2
DA:21,2
DA:22,0
DA:24,0
DA:29,1
DA:30,0
DA:31,0
DA:32,0
DA:34,0
LF:17
LH:11
BRF:0
BRH:0
end_of_record
