{"/home/linux/Área de Trabalho/Pasta sem título 2/Marvel.PWA/src/core/helpers/MarvelHelper.ts": {"path":"/home/linux/Área de Trabalho/Pasta sem título 2/Marvel.PWA/src/core/helpers/MarvelHelper.ts","statementMap":{"0":{"start":{"line":114,"column":0},"end":{"line":114,"column":15}},"1":{"start":{"line":1,"column":19},"end":{"line":1,"column":null}},"2":{"start":{"line":5,"column":23},"end":{"line":5,"column":null}},"3":{"start":{"line":6,"column":22},"end":{"line":6,"column":null}},"4":{"start":{"line":9,"column":15},"end":{"line":9,"column":null}},"5":{"start":{"line":10,"column":17},"end":{"line":13,"column":null}},"6":{"start":{"line":15,"column":4},"end":{"line":15,"column":null}},"7":{"start":{"line":21,"column":36},"end":{"line":21,"column":null}},"8":{"start":{"line":23,"column":14},"end":{"line":23,"column":69}},"9":{"start":{"line":24,"column":4},"end":{"line":24,"column":null}},"10":{"start":{"line":26,"column":16},"end":{"line":26,"column":null}},"11":{"start":{"line":27,"column":17},"end":{"line":27,"column":null}},"12":{"start":{"line":28,"column":4},"end":{"line":28,"column":null}},"13":{"start":{"line":40,"column":36},"end":{"line":40,"column":null}},"14":{"start":{"line":42,"column":14},"end":{"line":42,"column":null}},"15":{"start":{"line":43,"column":4},"end":{"line":45,"column":null}},"16":{"start":{"line":47,"column":4},"end":{"line":49,"column":null}},"17":{"start":{"line":48,"column":6},"end":{"line":48,"column":null}},"18":{"start":{"line":51,"column":16},"end":{"line":51,"column":null}},"19":{"start":{"line":53,"column":17},"end":{"line":53,"column":null}},"20":{"start":{"line":54,"column":4},"end":{"line":54,"column":null}},"21":{"start":{"line":60,"column":36},"end":{"line":60,"column":null}},"22":{"start":{"line":62,"column":14},"end":{"line":62,"column":76}},"23":{"start":{"line":63,"column":4},"end":{"line":63,"column":null}},"24":{"start":{"line":65,"column":16},"end":{"line":65,"column":null}},"25":{"start":{"line":66,"column":17},"end":{"line":66,"column":null}},"26":{"start":{"line":67,"column":4},"end":{"line":67,"column":null}},"27":{"start":{"line":73,"column":36},"end":{"line":73,"column":null}},"28":{"start":{"line":75,"column":14},"end":{"line":75,"column":76}},"29":{"start":{"line":76,"column":4},"end":{"line":76,"column":null}},"30":{"start":{"line":78,"column":16},"end":{"line":78,"column":null}},"31":{"start":{"line":79,"column":17},"end":{"line":79,"column":null}},"32":{"start":{"line":80,"column":4},"end":{"line":80,"column":null}},"33":{"start":{"line":86,"column":36},"end":{"line":86,"column":null}},"34":{"start":{"line":88,"column":14},"end":{"line":88,"column":76}},"35":{"start":{"line":89,"column":4},"end":{"line":89,"column":null}},"36":{"start":{"line":91,"column":16},"end":{"line":91,"column":null}},"37":{"start":{"line":92,"column":17},"end":{"line":92,"column":null}},"38":{"start":{"line":93,"column":4},"end":{"line":93,"column":null}},"39":{"start":{"line":94,"column":4},"end":{"line":94,"column":null}},"40":{"start":{"line":95,"column":4},"end":{"line":95,"column":null}},"41":{"start":{"line":101,"column":36},"end":{"line":101,"column":null}},"42":{"start":{"line":103,"column":14},"end":{"line":103,"column":77}},"43":{"start":{"line":104,"column":4},"end":{"line":104,"column":null}},"44":{"start":{"line":106,"column":16},"end":{"line":106,"column":null}},"45":{"start":{"line":107,"column":17},"end":{"line":107,"column":null}},"46":{"start":{"line":108,"column":4},"end":{"line":108,"column":null}},"47":{"start":{"line":109,"column":4},"end":{"line":109,"column":null}},"48":{"start":{"line":110,"column":4},"end":{"line":110,"column":null}},"49":{"start":{"line":114,"column":15},"end":{"line":114,"column":null}}},"fnMap":{"0":{"name":"(anonymous_2)","decl":{"start":{"line":4,"column":2},"end":{"line":4,"column":38}},"loc":{"start":{"line":4,"column":38},"end":{"line":16,"column":null}}},"1":{"name":"(anonymous_3)","decl":{"start":{"line":18,"column":2},"end":{"line":18,"column":8}},"loc":{"start":{"line":20,"column":49},"end":{"line":29,"column":null}}},"2":{"name":"(anonymous_4)","decl":{"start":{"line":31,"column":2},"end":{"line":31,"column":8}},"loc":{"start":{"line":39,"column":50},"end":{"line":55,"column":null}}},"3":{"name":"(anonymous_5)","decl":{"start":{"line":57,"column":2},"end":{"line":57,"column":8}},"loc":{"start":{"line":59,"column":49},"end":{"line":68,"column":null}}},"4":{"name":"(anonymous_6)","decl":{"start":{"line":70,"column":2},"end":{"line":70,"column":8}},"loc":{"start":{"line":72,"column":49},"end":{"line":81,"column":null}}},"5":{"name":"(anonymous_7)","decl":{"start":{"line":83,"column":2},"end":{"line":83,"column":8}},"loc":{"start":{"line":85,"column":46},"end":{"line":96,"column":null}}},"6":{"name":"(anonymous_8)","decl":{"start":{"line":98,"column":2},"end":{"line":98,"column":8}},"loc":{"start":{"line":100,"column":47},"end":{"line":111,"column":null}}}},"branchMap":{"0":{"loc":{"start":{"line":47,"column":4},"end":{"line":49,"column":null}},"type":"if","locations":[{"start":{"line":47,"column":4},"end":{"line":49,"column":null}}]}},"s":{"0":7,"1":1,"2":7,"3":7,"4":7,"5":7,"6":7,"7":1,"8":1,"9":1,"10":1,"11":1,"12":1,"13":1,"14":1,"15":1,"16":1,"17":1,"18":1,"19":1,"20":1,"21":1,"22":1,"23":1,"24":1,"25":1,"26":1,"27":1,"28":1,"29":1,"30":1,"31":1,"32":1,"33":1,"34":1,"35":1,"36":1,"37":1,"38":1,"39":1,"40":1,"41":1,"42":1,"43":1,"44":1,"45":1,"46":1,"47":1,"48":1,"49":1},"f":{"0":7,"1":1,"2":1,"3":1,"4":1,"5":1,"6":1},"b":{"0":[1]}}
}
