TN:
SF:src/core/helpers/MarvelHelper.ts
FN:4,(anonymous_2)
FN:18,(anonymous_3)
FN:31,(anonymous_4)
FN:57,(anonymous_5)
FN:70,(anonymous_6)
FN:83,(anonymous_7)
FN:98,(anonymous_8)
FNF:7
FNH:7
FNDA:7,(anonymous_2)
FNDA:1,(anonymous_3)
FNDA:1,(anonymous_4)
FNDA:1,(anonymous_5)
FNDA:1,(anonymous_6)
FNDA:1,(anonymous_7)
FNDA:1,(anonymous_8)
DA:1,1
DA:5,7
DA:6,7
DA:9,7
DA:10,7
DA:15,7
DA:21,1
DA:23,1
DA:24,1
DA:26,1
DA:27,1
DA:28,1
DA:40,1
DA:42,1
DA:43,1
DA:47,1
DA:48,1
DA:51,1
DA:53,1
DA:54,1
DA:60,1
DA:62,1
DA:63,1
DA:65,1
DA:66,1
DA:67,1
DA:73,1
DA:75,1
DA:76,1
DA:78,1
DA:79,1
DA:80,1
DA:86,1
DA:88,1
DA:89,1
DA:91,1
DA:92,1
DA:93,1
DA:94,1
DA:95,1
DA:101,1
DA:103,1
DA:104,1
DA:106,1
DA:107,1
DA:108,1
DA:109,1
DA:110,1
DA:114,7
LF:49
LH:49
BRDA:47,0,0,1
BRF:1
BRH:1
end_of_record
